build/outputs/logs/manifest-merger-debug-report.txt
-- Merging decision tree log ---
manifest
ADDED from Pegasus/AndroidPubSubWebSocket/AndroidManifest.xml:2:1-27:12
INJECTED from Pegasus/AndroidPubSubWebSocket/AndroidManifest.xml:2:1-27:12
INJECTED from Pegasus/AndroidPubSubWebSocket/AndroidManifest.xml:2:1-27:12
MERGED from [com.amazonaws:aws-android-sdk-mobile-client:2.12.7] AndroidManifest.xml:2:1-9:12
MERGED from [com.android.support:appcompat-v7:28.0.0] AndroidManifest.xml:17:1-22:12
MERGED from [com.android.support:support-fragment:28.0.0] AndroidManifest.xml:17:1-22:12
MERGED from [com.android.support:animated-vector-drawable:28.0.0] AndroidManifest.xml:17:1-22:12
MERGED from [com.android.support:support-core-ui:28.0.0] AndroidManifest.xml:17:1-22:12
MERGED from [com.android.support:support-core-utils:28.0.0] AndroidManifest.xml:17:1-22:12
MERGED from [com.android.support:support-vector-drawable:28.0.0] AndroidManifest.xml:17:1-22:12
MERGED from [com.android.support:loader:28.0.0] AndroidManifest.xml:17:1-22:12
MERGED from [com.android.support:viewpager:28.0.0] AndroidManifest.xml:17:1-22:12
MERGED from [com.android.support:coordinatorlayout:28.0.0] AndroidManifest.xml:17:1-22:12
MERGED from [com.android.support:drawerlayout:28.0.0] AndroidManifest.xml:17:1-22:12
MERGED from [com.android.support:slidingpanelayout:28.0.0] AndroidManifest.xml:17:1-22:12
MERGED from [com.android.support:customview:28.0.0] AndroidManifest.xml:17:1-22:12
MERGED from [com.android.support:swiperefreshlayout:28.0.0] AndroidManifest.xml:17:1-22:12
MERGED from [com.android.support:asynclayoutinflater:28.0.0] AndroidManifest.xml:17:1-22:12
MERGED from [com.android.support:support-compat:28.0.0] AndroidManifest.xml:17:1-24:12
MERGED from [com.android.support.constraint:constraint-layout:1.1.3] AndroidManifest.xml:2:1-11:12
MERGED from [com.amazonaws:aws-android-sdk-auth-core:2.12.7] AndroidManifest.xml:2:1-4:80
MERGED from [com.android.support:versionedparcelable:28.0.0] AndroidManifest.xml:17:1-25:12
MERGED from [android.arch.lifecycle:runtime:1.1.1] AndroidManifest.xml:17:1-22:12
MERGED from [com.android.support:cursoradapter:28.0.0] AndroidManifest.xml:17:1-22:12
MERGED from [android.arch.lifecycle:livedata:1.1.1] AndroidManifest.xml:17:1-22:12
MERGED from [android.arch.lifecycle:livedata-core:1.1.1] AndroidManifest.xml:17:1-22:12
MERGED from [android.arch.core:runtime:1.1.1] AndroidManifest.xml:17:1-22:12
MERGED from [com.android.support:documentfile:28.0.0] AndroidManifest.xml:17:1-22:12
MERGED from [com.android.support:localbroadcastmanager:28.0.0] AndroidManifest.xml:17:1-22:12
MERGED from [com.android.support:print:28.0.0] AndroidManifest.xml:17:1-22:12
MERGED from [android.arch.lifecycle:viewmodel:1.1.1] AndroidManifest.xml:17:1-22:12
MERGED from [com.android.support:interpolator:28.0.0] AndroidManifest.xml:17:1-22:12
INJECTED from Pegasus/AndroidPubSubWebSocket/AndroidManifest.xml:2:1-27:12
INJECTED from Pegasus/AndroidPubSubWebSocket/AndroidManifest.xml:2:1-27:12
	package
		ADDED from Pegasus/AndroidPubSubWebSocket/AndroidManifest.xml:3:5-56
	android:versionName
		ADDED from Pegasus/AndroidPubSubWebSocket/AndroidManifest.xml:5:5-30
		INJECTED from Pegasus/AndroidPubSubWebSocket/AndroidManifest.xml
		INJECTED from Pegasus/AndroidPubSubWebSocket/AndroidManifest.xml
	xmlns:android
		ADDED from Pegasus/AndroidPubSubWebSocket/AndroidManifest.xml:2:11-69
	android:versionCode
		ADDED from Pegasus/AndroidPubSubWebSocket/AndroidManifest.xml:4:5-28
		INJECTED from Pegasus/AndroidPubSubWebSocket/AndroidManifest.xml
		INJECTED from Pegasus/AndroidPubSubWebSocket/AndroidManifest.xml
uses-permission#android.permission.INTERNET
ADDED from Pegasus/AndroidPubSubWebSocket/AndroidManifest.xml:7:5-67
MERGED from [com.amazonaws:aws-android-sdk-mobile-client:2.12.7] AndroidManifest.xml:6:5-66
MERGED from [com.amazonaws:aws-android-sdk-mobile-client:2.12.7] AndroidManifest.xml:6:5-66
	android:name
		ADDED from Pegasus/AndroidPubSubWebSocket/AndroidManifest.xml:7:22-64
application
ADDED from Pegasus/AndroidPubSubWebSocket/AndroidManifest.xml:9:5-25:19
MERGED from [com.android.support:support-compat:28.0.0] AndroidManifest.xml:22:5-94
MERGED from [com.android.support:support-compat:28.0.0] AndroidManifest.xml:22:5-94
MERGED from [com.android.support.constraint:constraint-layout:1.1.3] AndroidManifest.xml:9:5-20
MERGED from [com.android.support.constraint:constraint-layout:1.1.3] AndroidManifest.xml:9:5-20
MERGED from [com.android.support:versionedparcelable:28.0.0] AndroidManifest.xml:22:5-23:19
MERGED from [com.android.support:versionedparcelable:28.0.0] AndroidManifest.xml:22:5-23:19
	android:appComponentFactory
		ADDED from [com.android.support:support-compat:28.0.0] AndroidManifest.xml:22:18-91
	android:label
		ADDED from Pegasus/AndroidPubSubWebSocket/AndroidManifest.xml:12:9-39
	android:icon
		ADDED from Pegasus/AndroidPubSubWebSocket/AndroidManifest.xml:11:9-45
	android:allowBackup
		ADDED from Pegasus/AndroidPubSubWebSocket/AndroidManifest.xml:10:9-35
	android:theme
		ADDED from Pegasus/AndroidPubSubWebSocket/AndroidManifest.xml:13:9-47
activity#com.amazonaws.demo.androidpubsubwebsocket.SampleActivity
ADDED from Pegasus/AndroidPubSubWebSocket/AndroidManifest.xml:14:9-20:20
	android:name
		ADDED from Pegasus/AndroidPubSubWebSocket/AndroidManifest.xml:14:19-49
intent-filter#action:name:android.intent.action.MAIN+category:name:android.intent.category.LAUNCHER
ADDED from Pegasus/AndroidPubSubWebSocket/AndroidManifest.xml:15:13-19:29
action#android.intent.action.MAIN
ADDED from Pegasus/AndroidPubSubWebSocket/AndroidManifest.xml:16:17-69
	android:name
		ADDED from Pegasus/AndroidPubSubWebSocket/AndroidManifest.xml:16:25-66
category#android.intent.category.LAUNCHER
ADDED from Pegasus/AndroidPubSubWebSocket/AndroidManifest.xml:18:17-77
	android:name
		ADDED from Pegasus/AndroidPubSubWebSocket/AndroidManifest.xml:18:27-74
activity#com.amazonaws.demo.androidpubsubwebsocket.PubSubActivity
ADDED from Pegasus/AndroidPubSubWebSocket/AndroidManifest.xml:21:9-52
	android:name
		ADDED from Pegasus/AndroidPubSubWebSocket/AndroidManifest.xml:21:19-49
activity#com.amazonaws.demo.androidpubsubwebsocket.LivingRoom
ADDED from Pegasus/AndroidPubSubWebSocket/AndroidManifest.xml:22:9-48
	android:name
		ADDED from Pegasus/AndroidPubSubWebSocket/AndroidManifest.xml:22:19-45
activity#com.amazonaws.demo.androidpubsubwebsocket.BedRoom
ADDED from Pegasus/AndroidPubSubWebSocket/AndroidManifest.xml:23:9-45
	android:name
		ADDED from Pegasus/AndroidPubSubWebSocket/AndroidManifest.xml:23:19-42
activity#com.amazonaws.demo.androidpubsubwebsocket.Kitchen
ADDED from Pegasus/AndroidPubSubWebSocket/AndroidManifest.xml:24:9-54
	android:name
		ADDED from Pegasus/AndroidPubSubWebSocket/AndroidManifest.xml:24:19-42
uses-sdk
INJECTED from Pegasus/AndroidPubSubWebSocket/AndroidManifest.xml reason: use-sdk injection requested
INJECTED from Pegasus/AndroidPubSubWebSocket/AndroidManifest.xml
INJECTED from Pegasus/AndroidPubSubWebSocket/AndroidManifest.xml
MERGED from [com.amazonaws:aws-android-sdk-mobile-client:2.12.7] AndroidManifest.xml:4:5-73
MERGED from [com.amazonaws:aws-android-sdk-mobile-client:2.12.7] AndroidManifest.xml:4:5-73
MERGED from [com.android.support:appcompat-v7:28.0.0] AndroidManifest.xml:20:5-44
MERGED from [com.android.support:appcompat-v7:28.0.0] AndroidManifest.xml:20:5-44
MERGED from [com.android.support:support-fragment:28.0.0] AndroidManifest.xml:20:5-44
MERGED from [com.android.support:support-fragment:28.0.0] AndroidManifest.xml:20:5-44
MERGED from [com.android.support:animated-vector-drawable:28.0.0] AndroidManifest.xml:20:5-44
MERGED from [com.android.support:animated-vector-drawable:28.0.0] AndroidManifest.xml:20:5-44
MERGED from [com.android.support:support-core-ui:28.0.0] AndroidManifest.xml:20:5-44
MERGED from [com.android.support:support-core-ui:28.0.0] AndroidManifest.xml:20:5-44
MERGED from [com.android.support:support-core-utils:28.0.0] AndroidManifest.xml:20:5-44
MERGED from [com.android.support:support-core-utils:28.0.0] AndroidManifest.xml:20:5-44
MERGED from [com.android.support:support-vector-drawable:28.0.0] AndroidManifest.xml:20:5-44
MERGED from [com.android.support:support-vector-drawable:28.0.0] AndroidManifest.xml:20:5-44
MERGED from [com.android.support:loader:28.0.0] AndroidManifest.xml:20:5-44
MERGED from [com.android.support:loader:28.0.0] AndroidManifest.xml:20:5-44
MERGED from [com.android.support:viewpager:28.0.0] AndroidManifest.xml:20:5-44
MERGED from [com.android.support:viewpager:28.0.0] AndroidManifest.xml:20:5-44
MERGED from [com.android.support:coordinatorlayout:28.0.0] AndroidManifest.xml:20:5-44
MERGED from [com.android.support:coordinatorlayout:28.0.0] AndroidManifest.xml:20:5-44
MERGED from [com.android.support:drawerlayout:28.0.0] AndroidManifest.xml:20:5-44
MERGED from [com.android.support:drawerlayout:28.0.0] AndroidManifest.xml:20:5-44
MERGED from [com.android.support:slidingpanelayout:28.0.0] AndroidManifest.xml:20:5-44
MERGED from [com.android.support:slidingpanelayout:28.0.0] AndroidManifest.xml:20:5-44
MERGED from [com.android.support:customview:28.0.0] AndroidManifest.xml:20:5-44
MERGED from [com.android.support:customview:28.0.0] AndroidManifest.xml:20:5-44
MERGED from [com.android.support:swiperefreshlayout:28.0.0] AndroidManifest.xml:20:5-44
MERGED from [com.android.support:swiperefreshlayout:28.0.0] AndroidManifest.xml:20:5-44
MERGED from [com.android.support:asynclayoutinflater:28.0.0] AndroidManifest.xml:20:5-44
MERGED from [com.android.support:asynclayoutinflater:28.0.0] AndroidManifest.xml:20:5-44
MERGED from [com.android.support:support-compat:28.0.0] AndroidManifest.xml:20:5-44
MERGED from [com.android.support:support-compat:28.0.0] AndroidManifest.xml:20:5-44
MERGED from [com.android.support.constraint:constraint-layout:1.1.3] AndroidManifest.xml:5:5-7:41
MERGED from [com.android.support.constraint:constraint-layout:1.1.3] AndroidManifest.xml:5:5-7:41
MERGED from [com.amazonaws:aws-android-sdk-auth-core:2.12.7] AndroidManifest.xml:4:1-69
MERGED from [com.amazonaws:aws-android-sdk-auth-core:2.12.7] AndroidManifest.xml:4:1-69
MERGED from [com.android.support:versionedparcelable:28.0.0] AndroidManifest.xml:20:5-44
MERGED from [com.android.support:versionedparcelable:28.0.0] AndroidManifest.xml:20:5-44
MERGED from [android.arch.lifecycle:runtime:1.1.1] AndroidManifest.xml:20:5-44
MERGED from [android.arch.lifecycle:runtime:1.1.1] AndroidManifest.xml:20:5-44
MERGED from [com.android.support:cursoradapter:28.0.0] AndroidManifest.xml:20:5-44
MERGED from [com.android.support:cursoradapter:28.0.0] AndroidManifest.xml:20:5-44
MERGED from [android.arch.lifecycle:livedata:1.1.1] AndroidManifest.xml:20:5-44
MERGED from [android.arch.lifecycle:livedata:1.1.1] AndroidManifest.xml:20:5-44
MERGED from [android.arch.lifecycle:livedata-core:1.1.1] AndroidManifest.xml:20:5-44
MERGED from [android.arch.lifecycle:livedata-core:1.1.1] AndroidManifest.xml:20:5-44
MERGED from [android.arch.core:runtime:1.1.1] AndroidManifest.xml:20:5-44
MERGED from [android.arch.core:runtime:1.1.1] AndroidManifest.xml:20:5-44
MERGED from [com.android.support:documentfile:28.0.0] AndroidManifest.xml:20:5-44
MERGED from [com.android.support:documentfile:28.0.0] AndroidManifest.xml:20:5-44
MERGED from [com.android.support:localbroadcastmanager:28.0.0] AndroidManifest.xml:20:5-44
MERGED from [com.android.support:localbroadcastmanager:28.0.0] AndroidManifest.xml:20:5-44
MERGED from [com.android.support:print:28.0.0] AndroidManifest.xml:20:5-44
MERGED from [com.android.support:print:28.0.0] AndroidManifest.xml:20:5-44
MERGED from [android.arch.lifecycle:viewmodel:1.1.1] AndroidManifest.xml:20:5-44
MERGED from [android.arch.lifecycle:viewmodel:1.1.1] AndroidManifest.xml:20:5-44
MERGED from [com.android.support:interpolator:28.0.0] AndroidManifest.xml:20:5-44
MERGED from [com.android.support:interpolator:28.0.0] AndroidManifest.xml:20:5-44
INJECTED from Pegasus/AndroidPubSubWebSocket/AndroidManifest.xml
INJECTED from Pegasus/AndroidPubSubWebSocket/AndroidManifest.xml
	android:targetSdkVersion
		INJECTED from Pegasus/AndroidPubSubWebSocket/AndroidManifest.xml
		ADDED from Pegasus/AndroidPubSubWebSocket/AndroidManifest.xml
		INJECTED from Pegasus/AndroidPubSubWebSocket/AndroidManifest.xml
	android:minSdkVersion
		INJECTED from Pegasus/AndroidPubSubWebSocket/AndroidManifest.xml
		ADDED from Pegasus/AndroidPubSubWebSocket/AndroidManifest.xml
		INJECTED from Pegasus/AndroidPubSubWebSocket/AndroidManifest.xml
uses-permission#android.permission.ACCESS_NETWORK_STATE
ADDED from [com.amazonaws:aws-android-sdk-mobile-client:2.12.7] AndroidManifest.xml:7:5-78
	android:name
		ADDED from [com.amazonaws:aws-android-sdk-mobile-client:2.12.7] AndroidManifest.xml:7:22-76